Oct 31 2023 07:07:13
{"type":8192,"message":"Using ${var} in strings is deprecated, use {$var} instead","file":"C:\\xampp\\htdocs\\Armughan\\wp-content\\plugins\\simply-static\\src\\class-ss-query.php","line":397}

Oct 31 2023 07:07:14
{"type":8192,"message":"Using ${var} in strings is deprecated, use {$var} instead","file":"C:\\xampp\\htdocs\\Armughan\\wp-content\\plugins\\simply-static\\src\\class-ss-query.php","line":397}

Oct 31 2023 07:07:14
{"type":8192,"message":"Using ${var} in strings is deprecated, use {$var} instead","file":"C:\\xampp\\htdocs\\Armughan\\wp-content\\plugins\\simply-static\\src\\class-ss-query.php","line":397}

Oct 31 2023 07:07:15
{"type":8192,"message":"Using ${var} in strings is deprecated, use {$var} instead","file":"C:\\xampp\\htdocs\\Armughan\\wp-content\\plugins\\simply-static\\src\\class-ss-query.php","line":397}

Oct 31 2023 07:07:16
{"type":8192,"message":"Using ${var} in strings is deprecated, use {$var} instead","file":"C:\\xampp\\htdocs\\Armughan\\wp-content\\plugins\\simply-static\\src\\class-ss-query.php","line":397}

Oct 31 2023 07:07:16
{"type":8192,"message":"Using ${var} in strings is deprecated, use {$var} instead","file":"C:\\xampp\\htdocs\\Armughan\\wp-content\\plugins\\simply-static\\src\\class-ss-query.php","line":397}

Oct 31 2023 07:07:17
{"type":8192,"message":"Using ${var} in strings is deprecated, use {$var} instead","file":"C:\\xampp\\htdocs\\Armughan\\wp-content\\plugins\\simply-static\\src\\class-ss-query.php","line":397}

Oct 31 2023 07:07:18
{"type":8192,"message":"Using ${var} in strings is deprecated, use {$var} instead","file":"C:\\xampp\\htdocs\\Armughan\\wp-content\\plugins\\simply-static\\src\\class-ss-query.php","line":397}

Oct 31 2023 07:07:18
{"type":8192,"message":"Using ${var} in strings is deprecated, use {$var} instead","file":"C:\\xampp\\htdocs\\Armughan\\wp-content\\plugins\\simply-static\\src\\class-ss-query.php","line":397}

Oct 31 2023 07:07:19
{"type":8192,"message":"Using ${var} in strings is deprecated, use {$var} instead","file":"C:\\xampp\\htdocs\\Armughan\\wp-content\\plugins\\simply-static\\src\\class-ss-query.php","line":397}

Oct 31 2023 07:07:20
{"type":8192,"message":"Using ${var} in strings is deprecated, use {$var} instead","file":"C:\\xampp\\htdocs\\Armughan\\wp-content\\plugins\\simply-static\\src\\class-ss-query.php","line":397}

Oct 31 2023 07:07:20
{"type":8192,"message":"Using ${var} in strings is deprecated, use {$var} instead","file":"C:\\xampp\\htdocs\\Armughan\\wp-content\\plugins\\simply-static\\src\\class-ss-query.php","line":397}

Oct 31 2023 07:07:21
{"type":8192,"message":"Using ${var} in strings is deprecated, use {$var} instead","file":"C:\\xampp\\htdocs\\Armughan\\wp-content\\plugins\\simply-static\\src\\class-ss-query.php","line":397}

Oct 31 2023 07:07:22
{"type":8192,"message":"Using ${var} in strings is deprecated, use {$var} instead","file":"C:\\xampp\\htdocs\\Armughan\\wp-content\\plugins\\simply-static\\src\\class-ss-query.php","line":397}

Oct 31 2023 07:07:22
{"type":8192,"message":"Using ${var} in strings is deprecated, use {$var} instead","file":"C:\\xampp\\htdocs\\Armughan\\wp-content\\plugins\\simply-static\\src\\class-ss-query.php","line":397}

Oct 31 2023 07:07:23
{"type":8192,"message":"Using ${var} in strings is deprecated, use {$var} instead","file":"C:\\xampp\\htdocs\\Armughan\\wp-content\\plugins\\simply-static\\src\\class-ss-query.php","line":397}

Oct 31 2023 07:07:24
{"type":8192,"message":"Using ${var} in strings is deprecated, use {$var} instead","file":"C:\\xampp\\htdocs\\Armughan\\wp-content\\plugins\\simply-static\\src\\class-ss-query.php","line":397}

Oct 31 2023 07:07:24
{"type":8192,"message":"Using ${var} in strings is deprecated, use {$var} instead","file":"C:\\xampp\\htdocs\\Armughan\\wp-content\\plugins\\simply-static\\src\\class-ss-query.php","line":397}

Oct 31 2023 07:07:25
{"type":8192,"message":"Using ${var} in strings is deprecated, use {$var} instead","file":"C:\\xampp\\htdocs\\Armughan\\wp-content\\plugins\\simply-static\\src\\class-ss-query.php","line":397}

Oct 31 2023 07:07:26
{"type":8192,"message":"Using ${var} in strings is deprecated, use {$var} instead","file":"C:\\xampp\\htdocs\\Armughan\\wp-content\\plugins\\simply-static\\src\\class-ss-query.php","line":397}

Oct 31 2023 07:07:26
{"type":8192,"message":"Using ${var} in strings is deprecated, use {$var} instead","file":"C:\\xampp\\htdocs\\Armughan\\wp-content\\plugins\\simply-static\\src\\class-ss-query.php","line":397}

Oct 31 2023 07:07:27
{"type":8192,"message":"Using ${var} in strings is deprecated, use {$var} instead","file":"C:\\xampp\\htdocs\\Armughan\\wp-content\\plugins\\simply-static\\src\\class-ss-query.php","line":397}

Oct 31 2023 07:07:28
{"type":8192,"message":"Using ${var} in strings is deprecated, use {$var} instead","file":"C:\\xampp\\htdocs\\Armughan\\wp-content\\plugins\\simply-static\\src\\class-ss-query.php","line":397}

Oct 31 2023 07:07:28
{"type":8192,"message":"Using ${var} in strings is deprecated, use {$var} instead","file":"C:\\xampp\\htdocs\\Armughan\\wp-content\\plugins\\simply-static\\src\\class-ss-query.php","line":397}

Oct 31 2023 07:07:29
{"type":8192,"message":"Using ${var} in strings is deprecated, use {$var} instead","file":"C:\\xampp\\htdocs\\Armughan\\wp-content\\plugins\\simply-static\\src\\class-ss-query.php","line":397}

Oct 31 2023 07:07:30
{"type":8192,"message":"Using ${var} in strings is deprecated, use {$var} instead","file":"C:\\xampp\\htdocs\\Armughan\\wp-content\\plugins\\simply-static\\src\\class-ss-query.php","line":397}

Oct 31 2023 07:07:35
{"type":8192,"message":"Using ${var} in strings is deprecated, use {$var} instead","file":"C:\\xampp\\htdocs\\Armughan\\wp-content\\plugins\\simply-static\\src\\class-ss-query.php","line":397}

Oct 31 2023 07:07:36
{"type":8192,"message":"Using ${var} in strings is deprecated, use {$var} instead","file":"C:\\xampp\\htdocs\\Armughan\\wp-content\\plugins\\simply-static\\src\\class-ss-query.php","line":397}

Oct 31 2023 07:07:47
{"type":8192,"message":"Using ${var} in strings is deprecated, use {$var} instead","file":"C:\\xampp\\htdocs\\Armughan\\wp-content\\plugins\\simply-static\\src\\class-ss-query.php","line":397}

Oct 31 2023 07:07:58
{"type":8192,"message":"Using ${var} in strings is deprecated, use {$var} instead","file":"C:\\xampp\\htdocs\\Armughan\\wp-content\\plugins\\simply-static\\src\\class-ss-query.php","line":397}

Oct 31 2023 07:08:09
{"type":8192,"message":"Using ${var} in strings is deprecated, use {$var} instead","file":"C:\\xampp\\htdocs\\Armughan\\wp-content\\plugins\\simply-static\\src\\class-ss-query.php","line":397}

Oct 31 2023 07:08:20
{"type":8192,"message":"Using ${var} in strings is deprecated, use {$var} instead","file":"C:\\xampp\\htdocs\\Armughan\\wp-content\\plugins\\simply-static\\src\\class-ss-query.php","line":397}

Oct 31 2023 07:08:21
{"type":8192,"message":"Using ${var} in strings is deprecated, use {$var} instead","file":"C:\\xampp\\htdocs\\Armughan\\wp-content\\plugins\\simply-static\\src\\class-ss-query.php","line":397}

Oct 31 2023 07:08:22
{"type":8192,"message":"Using ${var} in strings is deprecated, use {$var} instead","file":"C:\\xampp\\htdocs\\Armughan\\wp-content\\plugins\\simply-static\\src\\class-ss-query.php","line":397}

Oct 31 2023 07:08:23
{"Number":8192,"Message":"Creation of dynamic property Ai1wm_Database_Mysqli::$old_replace_raw_values is deprecated","File":"C:\\xampp\\htdocs\\Armughan\\wp-content\\plugins\\All-In-One-WP-Migration-With-Import-master\\lib\\vendor\\servmask\\database\\class-ai1wm-database.php","Line":300}

Oct 31 2023 07:08:23
{"Number":8192,"Message":"Creation of dynamic property Ai1wm_Database_Mysqli::$new_replace_raw_values is deprecated","File":"C:\\xampp\\htdocs\\Armughan\\wp-content\\plugins\\All-In-One-WP-Migration-With-Import-master\\lib\\vendor\\servmask\\database\\class-ai1wm-database.php","Line":321}

Oct 31 2023 07:08:26
{"type":8192,"message":"Using ${var} in strings is deprecated, use {$var} instead","file":"C:\\xampp\\htdocs\\Armughan\\wp-content\\plugins\\simply-static\\src\\class-ss-query.php","line":397}

Oct 31 2023 07:08:27
{"type":8192,"message":"Return type of Ai1wm_Recursive_Newline_Filter::accept() should either be compatible with FilterIterator::accept(): bool, or the #[\\ReturnTypeWillChange] attribute should be used to temporarily suppress the notice","file":"C:\\xampp\\htdocs\\Armughan\\wp-content\\plugins\\All-In-One-WP-Migration-With-Import-master\\lib\\vendor\\servmask\\filter\\class-ai1wm-recursive-newline-filter.php","line":28}

Oct 31 2023 07:08:28
{"type":8192,"message":"Using ${var} in strings is deprecated, use {$var} instead","file":"C:\\xampp\\htdocs\\Armughan\\wp-content\\plugins\\elementor-pro\\core\\editor\\editor.php","line":129}

